<?xml version="1.0" encoding="UTF-8"?>
<!-- Generated by org.testng.reporters.JUnitReportReporter -->
<testsuite skipped="0" hostname="MCCVJPH2" name="com.rest.service.qa_automation_test_task_GoutamP.GetCommentsAPITest" tests="1" failures="0" timestamp="13 Jul 2018 00:28:30 GMT" time="5.882" errors="0">
  <testcase name="getCommentsAPITest" time="5.882" classname="com.rest.service.qa_automation_test_task_GoutamP.GetCommentsAPITest"/>
</testsuite> <!-- com.rest.service.qa_automation_test_task_GoutamP.GetCommentsAPITest -->
